<?xml version="1.0" encoding="UTF-8"?>
<testsuite xmlns:xsi="http://www.w3.org/2001/XMLSchema-instance" xsi:noNamespaceSchemaLocation="https://maven.apache.org/surefire/maven-surefire-plugin/xsd/surefire-test-report-3.0.xsd" version="3.0" name="flightapp.FlightServiceTest" time="32.459" tests="1" errors="0" skipped="0" failures="0">
  <properties>
[...]
</properties>
  <testcase name="runTest[0]" classname="flightapp.FlightServiceTest" time="22.421">
    <system-out><![CDATA[running setup
running test scenario: /Users/dongqingyuan/Desktop/CSE344/HW/HW5/hw5/cases/mycases/transaction_book_cancel.txt
passed
]]></system-out>
  </testcase>
</testsuite>